nohup: ignoring input
spaCy model 'en_core_web_sm' not found. Run: python -m spacy download en_core_web_sm

[S4] Building data loaders ...
[DataLoader] Loading tokenizer …
[DataLoader] Loading raw data …
[DataLoader] Performing stratified train/val split …
  Train: 865 | Val: 95
[DataLoader] QuaSAR cache loaded: /ssd_scratch/shubhamcvit/inlp/project/src/subtask1/outputs/quasar_train_cache.json (960 entries)
[DataLoader] QuaSAR cache loaded: /ssd_scratch/shubhamcvit/inlp/project/src/subtask1/outputs/quasar_test_cache.json (191 entries)
[DataLoader] Abstractor: QuaSAR (1151 cached) + spaCy fallback.
[DataLoader] Building datasets …
[DataLoader] Done. Train batches: 109, Val batches: 3, Test batches: 6
[S4] Loading checkpoint from /ssd_scratch/shubhamcvit/inlp/project/src/subtask1/outputs/model_checkpoint ...
Loading weights:   0%|          | 0/199 [00:00<?, ?it/s]Loading weights: 100%|██████████| 199/199 [00:00<00:00, 9159.07it/s]
[1mXLMRobertaModel LOAD REPORT[0m from: xlm-roberta-base
Key                       | Status     |  | 
--------------------------+------------+--+-
lm_head.dense.bias        | UNEXPECTED |  | 
lm_head.layer_norm.weight | UNEXPECTED |  | 
lm_head.layer_norm.bias   | UNEXPECTED |  | 
lm_head.dense.weight      | UNEXPECTED |  | 
lm_head.bias              | UNEXPECTED |  | 

[3mNotes:
- UNEXPECTED[3m	:can be ignored when loading from different task/architecture; not ok if you expect identical arch.[0m
/ssd_scratch/shubhamcvit/inlp/project/src/subtask1/model.py:246: FutureWarning: You are using `torch.load` with `weights_only=False` (the current default value), which uses the default pickle module implicitly. It is possible to construct malicious pickle data which will execute arbitrary code during unpickling (See https://github.com/pytorch/pytorch/blob/main/SECURITY.md#untrusted-models for more details). In a future release, the default value for `weights_only` will be flipped to `True`. This limits the functions that could be executed during unpickling. Arbitrary objects will no longer be allowed to be loaded via this mode unless they are explicitly allowlisted by the user via `torch.serialization.add_safe_globals`. We recommend you start setting `weights_only=True` for any use case where you don't have full control of the loaded file. Please open an issue on GitHub for any issues related to this experimental feature.
  torch.load(weight_path, map_location="cpu"), strict=False

======================================================================
  FINE-TUNED (no steering)
======================================================================
[Predict] Running inference on 191 examples …
[Predict] 191 predictions saved to /ssd_scratch/shubhamcvit/inlp/project/src/subtask1/outputs/predictions_pre_steering.json
          valid=105, invalid=86

============================================================
  Evaluation Report — Subtask 1
============================================================
  Overall Accuracy    : 71.2042%
  Total Content Effect: 9.3750
  Combined Score (↑)  : 21.3225  ← ranking metric
------------------------------------------------------------
  Subgroup Accuracies:
    Valid   + Plausible   (PV): 83.33%
    Valid   + Implausible (IV): 68.75%
    Invalid + Plausible   (PI): 68.09%
    Invalid + Implausible (II): 64.58%
------------------------------------------------------------
  CE Intra (|PV-IV| + |PI-II|)/2 : 9.0426
  CE Inter (|PV-PI| + |IV-II|)/2 : 9.7074
------------------------------------------------------------
  N predicted: 191  |  N missing: 0
============================================================
  Content Effect Legend:
    PV = Plausible+Valid  IV = Implausible+Valid
    PI = Plausible+Invalid  II = Implausible+Invalid
============================================================

[Evaluate] Metrics saved to /ssd_scratch/shubhamcvit/inlp/project/src/subtask1/outputs/eval_results_pre_steering.json

======================================================================
  COLLECTING ACTIVATIONS (layer 11, train set)
======================================================================
  Aligned: 437, Conflicting: 428
  ||delta|| = 1.0577
  ||cls|| mean = 19.7449
  cos(aligned, conflicting) = 0.998192

======================================================================
  METHOD A: ADDITIVE STEERING (grid search on val)
======================================================================
  ^ a=-3.00 | Acc=74.74 | TCE=14.5833 | Combined=19.9500
  ^ a=-2.60 | Acc=73.68 | TCE=12.5000 | Combined=20.4526
  ^ a=-1.90 | Acc=71.58 | TCE=10.4167 | Combined=20.8377
  ^ a=-1.60 | Acc=72.63 | TCE=8.3333 | Combined=22.4616
  ^ a=+2.30 | Acc=72.63 | TCE=6.2500 | Combined=24.3648
  Best additive: alpha=+2.30, combined=24.3648

======================================================================
  METHOD B: PROJECTION REMOVAL (grid search on val)
======================================================================
  ^ a=+0.00 | Acc=72.63 | TCE=8.3333 | Combined=22.4616
  Best projection: alpha=+0.00, combined=22.4616

======================================================================
  WINNER: ADDITIVE (alpha=+2.30, combined=24.3648)

  Logit diff (batch 1): mean=0.3482, max=0.3819
  Predictions changed: 0/32
======================================================================
[Predict] Running inference on 191 examples …
[Predict] 191 predictions saved to /ssd_scratch/shubhamcvit/inlp/project/src/subtask1/outputs/predictions.json
          valid=104, invalid=87

============================================================
  Evaluation Report — Subtask 1
============================================================
  Overall Accuracy    : 71.7277%
  Total Content Effect: 8.3333
  Combined Score (↑)  : 22.1821  ← ranking metric
------------------------------------------------------------
  Subgroup Accuracies:
    Valid   + Plausible   (PV): 83.33%
    Valid   + Implausible (IV): 68.75%
    Invalid + Plausible   (PI): 68.09%
    Invalid + Implausible (II): 66.67%
------------------------------------------------------------
  CE Intra (|PV-IV| + |PI-II|)/2 : 8.0009
  CE Inter (|PV-PI| + |IV-II|)/2 : 8.6658
------------------------------------------------------------
  N predicted: 191  |  N missing: 0
============================================================
  Content Effect Legend:
    PV = Plausible+Valid  IV = Implausible+Valid
    PI = Plausible+Invalid  II = Implausible+Invalid
============================================================

[Evaluate] Metrics saved to /ssd_scratch/shubhamcvit/inlp/project/src/subtask1/outputs/eval_results.json

======================================================================
  COMPARISON (additive steering)
======================================================================
  Metric                        Fine-Tuned     + Steering      Delta
  ---------------------------------------------------------------
  Accuracy                          71.20%         71.73%     +0.52%
  Content Effect (TCE)              9.3750         8.3333    -1.0417
  Combined Score                   21.3225        22.1821    +0.8596
======================================================================

Subgroup pre:  PV=83.3%  IV=68.8%  PI=68.1%  II=64.6%
Subgroup post: PV=83.3%  IV=68.8%  PI=68.1%  II=66.7%

[S4] Done!
