=== Subtask 3: Test-Only Pipeline (epoch 10 checkpoint) ===
Device: cuda

[Loading data...]
[DataLoader] Loading tokenizer …
[DataLoader] Loading raw data …
[DataLoader] Performing stratified train/val split …
  Train: 7931 | Val: 2629
  (Unique syllogisms: train=721, val=239, no overlap)
[DataLoader] QuaSAR cache loaded: /ssd_scratch/shubhamcvit/inlp/project/src/subtask3/outputs/quasar_train_cache.json (10560 entries)
[DataLoader] QuaSAR cache loaded: /ssd_scratch/shubhamcvit/inlp/project/src/subtask3/outputs/quasar_test_cache.json (192 entries)
spaCy model 'en_core_web_sm' not found. Run: python -m spacy download en_core_web_sm
[DataLoader] Abstractor: QuaSAR (10752 cached) + spaCy fallback.
[DataLoader] Building datasets …
[DataLoader] Done. Train batches: 248, Val batches: 83, Test batches: 6
  Train: 248 | Val: 83 | Test: 6

======================================================================
  1. BASELINE: Untrained XLM-RoBERTa
======================================================================
Loading weights:   0%|          | 0/199 [00:00<?, ?it/s]Loading weights: 100%|██████████| 199/199 [00:00<00:00, 6234.07it/s]
[1mXLMRobertaModel LOAD REPORT[0m from: xlm-roberta-base
Key                       | Status     |  | 
--------------------------+------------+--+-
lm_head.bias              | UNEXPECTED |  | 
lm_head.layer_norm.weight | UNEXPECTED |  | 
lm_head.layer_norm.bias   | UNEXPECTED |  | 
lm_head.dense.bias        | UNEXPECTED |  | 
lm_head.dense.weight      | UNEXPECTED |  | 

[3mNotes:
- UNEXPECTED[3m	:can be ignored when loading from different task/architecture; not ok if you expect identical arch.[0m
[Predict] Running inference on 192 examples …
[Predict] 192 predictions saved to /ssd_scratch/shubhamcvit/inlp/project/src/subtask3/outputs/predictions_baseline.json
          valid=192, invalid=0

============================================================
  Evaluation Report — Subtask 1
============================================================
  Overall Accuracy    : 50.0000%
  Total Content Effect: 50.0000
  Combined Score (↑)  : 10.1382  ← ranking metric
------------------------------------------------------------
  Subgroup Accuracies:
    Valid   + Plausible   (PV): 100.00%
    Valid   + Implausible (IV): 100.00%
    Invalid + Plausible   (PI): 0.00%
    Invalid + Implausible (II): 0.00%
------------------------------------------------------------
  CE Intra (|PV-IV| + |PI-II|)/2 : 0.0000
  CE Inter (|PV-PI| + |IV-II|)/2 : 100.0000
------------------------------------------------------------
  N predicted: 192  |  N missing: 0
============================================================
  Content Effect Legend:
    PV = Plausible+Valid  IV = Implausible+Valid
    PI = Plausible+Invalid  II = Implausible+Invalid
============================================================

[Evaluate] Metrics saved to /ssd_scratch/shubhamcvit/inlp/project/src/subtask3/outputs/eval_results_baseline.json

======================================================================
  2. FINE-TUNED: Epoch 10 checkpoint (no steering)
======================================================================
Loading weights:   0%|          | 0/199 [00:00<?, ?it/s]Loading weights: 100%|██████████| 199/199 [00:00<00:00, 5524.23it/s]
[1mXLMRobertaModel LOAD REPORT[0m from: xlm-roberta-base
Key                       | Status     |  | 
--------------------------+------------+--+-
lm_head.bias              | UNEXPECTED |  | 
lm_head.layer_norm.weight | UNEXPECTED |  | 
lm_head.layer_norm.bias   | UNEXPECTED |  | 
lm_head.dense.bias        | UNEXPECTED |  | 
lm_head.dense.weight      | UNEXPECTED |  | 

[3mNotes:
- UNEXPECTED[3m	:can be ignored when loading from different task/architecture; not ok if you expect identical arch.[0m
/ssd_scratch/shubhamcvit/inlp/project/src/subtask3/model.py:246: FutureWarning: You are using `torch.load` with `weights_only=False` (the current default value), which uses the default pickle module implicitly. It is possible to construct malicious pickle data which will execute arbitrary code during unpickling (See https://github.com/pytorch/pytorch/blob/main/SECURITY.md#untrusted-models for more details). In a future release, the default value for `weights_only` will be flipped to `True`. This limits the functions that could be executed during unpickling. Arbitrary objects will no longer be allowed to be loaded via this mode unless they are explicitly allowlisted by the user via `torch.serialization.add_safe_globals`. We recommend you start setting `weights_only=True` for any use case where you don't have full control of the loaded file. Please open an issue on GitHub for any issues related to this experimental feature.
  torch.load(weight_path, map_location="cpu"), strict=False
[Predict] Running inference on 192 examples …
[Predict] 192 predictions saved to /ssd_scratch/shubhamcvit/inlp/project/src/subtask3/outputs/predictions_finetuned.json
          valid=22, invalid=170

============================================================
  Evaluation Report — Subtask 1
============================================================
  Overall Accuracy    : 57.2917%
  Total Content Effect: 41.7083
  Combined Score (↑)  : 12.0503  ← ranking metric
------------------------------------------------------------
  Subgroup Accuracies:
    Valid   + Plausible   (PV): 22.92%
    Valid   + Implausible (IV): 14.58%
    Invalid + Plausible   (PI): 93.48%
    Invalid + Implausible (II): 98.00%
------------------------------------------------------------
  CE Intra (|PV-IV| + |PI-II|)/2 : 6.4275
  CE Inter (|PV-PI| + |IV-II|)/2 : 76.9891
------------------------------------------------------------
  N predicted: 192  |  N missing: 0
============================================================
  Content Effect Legend:
    PV = Plausible+Valid  IV = Implausible+Valid
    PI = Plausible+Invalid  II = Implausible+Invalid
============================================================

[Evaluate] Metrics saved to /ssd_scratch/shubhamcvit/inlp/project/src/subtask3/outputs/eval_results_finetuned.json

[Analysis] Prediction distribution:
  Valid:      22  (11.5%)
  Invalid:   170  (88.5%)
  Accuracy vs ground truth: 57.29%  (110/192)

======================================================================
  3. CAA STEERING: Grid search alpha -5 to +5, layer 11
======================================================================
[Steering] Collecting activations from training set …
  Layer 11: aligned=4022, conflicting=3909

[Steering] Grid search over 1 layers × 41 alpha values …
  ↑ Layer 11 | α=-5.00 | Acc=72.96 | TCE=2.1088 | Combined=34.1834
  ↑ Layer 11 | α=-4.75 | Acc=72.92 | TCE=2.0330 | Combined=34.5652
  ↑ Layer 11 | α=-4.50 | Acc=72.92 | TCE=1.8828 | Combined=35.4183
  ↑ Layer 11 | α=-4.25 | Acc=72.88 | TCE=1.6567 | Combined=36.8618
  ↑ Layer 11 | α=-4.00 | Acc=72.88 | TCE=1.5334 | Combined=37.7696
  ↑ Layer 11 | α=-3.75 | Acc=72.92 | TCE=1.5334 | Combined=37.7893
  ↑ Layer 11 | α=-3.50 | Acc=72.88 | TCE=1.4577 | Combined=38.3734
  ↑ Layer 11 | α=-3.25 | Acc=72.84 | TCE=1.3819 | Combined=38.9962
  ↑ Layer 11 | α=-3.00 | Acc=72.92 | TCE=1.3036 | Combined=39.7489
  ↑ Layer 11 | α=-2.75 | Acc=72.96 | TCE=1.3036 | Combined=39.7696
  ↑ Layer 11 | α=-2.25 | Acc=72.99 | TCE=1.3036 | Combined=39.7904
  ↑ Layer 11 | α=-1.75 | Acc=73.07 | TCE=1.0684 | Combined=42.3151
  ↑ Layer 11 | α=-0.50 | Acc=73.18 | TCE=0.8321 | Combined=45.5843
  ↑ Layer 11 | α=+0.00 | Acc=73.18 | TCE=0.6818 | Combined=48.1511
  ↑ Layer 11 | α=+0.25 | Acc=73.18 | TCE=0.6061 | Combined=49.6570
  ↑ Layer 11 | α=+0.50 | Acc=73.22 | TCE=0.6061 | Combined=49.6828
  ↑ Layer 11 | α=+0.75 | Acc=73.26 | TCE=0.5315 | Combined=51.3644
  ↑ Layer 11 | α=+1.00 | Acc=73.22 | TCE=0.3879 | Combined=55.1465
  ↑ Layer 11 | α=+2.00 | Acc=73.18 | TCE=0.3121 | Combined=57.5508
  ↑ Layer 11 | α=+2.75 | Acc=73.30 | TCE=0.2414 | Combined=60.2640

[Steering] Best: layer=11, α=+2.75, combined=60.2640
[Steering] Vectors saved to /ssd_scratch/shubhamcvit/inlp/project/src/subtask3/outputs/steering_vectors.pt

  CAA Best: alpha=+2.75, layer=11
[CAA] Applied: layer=11, α=+2.75
[Predict] Running inference on 192 examples …
[Predict] 192 predictions saved to /ssd_scratch/shubhamcvit/inlp/project/src/subtask3/outputs/predictions_caa.json
          valid=21, invalid=171

============================================================
  Evaluation Report — Subtask 1
============================================================
  Overall Accuracy    : 56.7708%
  Total Content Effect: 42.7500
  Combined Score (↑)  : 11.8805  ← ranking metric
------------------------------------------------------------
  Subgroup Accuracies:
    Valid   + Plausible   (PV): 22.92%
    Valid   + Implausible (IV): 12.50%
    Invalid + Plausible   (PI): 93.48%
    Invalid + Implausible (II): 98.00%
------------------------------------------------------------
  CE Intra (|PV-IV| + |PI-II|)/2 : 7.4692
  CE Inter (|PV-PI| + |IV-II|)/2 : 78.0308
------------------------------------------------------------
  N predicted: 192  |  N missing: 0
============================================================
  Content Effect Legend:
    PV = Plausible+Valid  IV = Implausible+Valid
    PI = Plausible+Invalid  II = Implausible+Invalid
============================================================

[Evaluate] Metrics saved to /ssd_scratch/shubhamcvit/inlp/project/src/subtask3/outputs/eval_results_caa.json

[Analysis] Prediction distribution:
  Valid:      21  (10.9%)
  Invalid:   171  (89.1%)
  Accuracy vs ground truth: 56.77%  (109/192)

======================================================================
  4. K-CAST STEERING: Per-example kNN steering
======================================================================
[K-CAST] Applied: layer=11, α=-10.00, k=5
  ^ k=5 | a=-10.0 | Acc=73.26 | TCE=0.4649 | Comb=53.0190
[K-CAST] Applied: layer=11, α=-7.00, k=5
[K-CAST] Applied: layer=11, α=-5.00, k=5
[K-CAST] Applied: layer=11, α=-3.00, k=5
[K-CAST] Applied: layer=11, α=-1.00, k=5
[K-CAST] Applied: layer=11, α=+1.00, k=5
[K-CAST] Applied: layer=11, α=+3.00, k=5
[K-CAST] Applied: layer=11, α=+5.00, k=5
[K-CAST] Applied: layer=11, α=+7.00, k=5
[K-CAST] Applied: layer=11, α=+10.00, k=5
[K-CAST] Applied: layer=11, α=-10.00, k=10
[K-CAST] Applied: layer=11, α=-7.00, k=10
  ^ k=10 | a=-7.0 | Acc=73.34 | TCE=0.3211 | Comb=57.3638
[K-CAST] Applied: layer=11, α=-5.00, k=10
[K-CAST] Applied: layer=11, α=-3.00, k=10
[K-CAST] Applied: layer=11, α=-1.00, k=10
[K-CAST] Applied: layer=11, α=+1.00, k=10
[K-CAST] Applied: layer=11, α=+3.00, k=10
[K-CAST] Applied: layer=11, α=+5.00, k=10
[K-CAST] Applied: layer=11, α=+7.00, k=10
[K-CAST] Applied: layer=11, α=+10.00, k=10
[K-CAST] Applied: layer=11, α=-10.00, k=20
[K-CAST] Applied: layer=11, α=-7.00, k=20
[K-CAST] Applied: layer=11, α=-5.00, k=20
  ^ k=20 | a=-5.0 | Acc=73.34 | TCE=0.2273 | Comb=60.8700
[K-CAST] Applied: layer=11, α=-3.00, k=20
[K-CAST] Applied: layer=11, α=-1.00, k=20
[K-CAST] Applied: layer=11, α=+1.00, k=20
[K-CAST] Applied: layer=11, α=+3.00, k=20
[K-CAST] Applied: layer=11, α=+5.00, k=20
[K-CAST] Applied: layer=11, α=+7.00, k=20
[K-CAST] Applied: layer=11, α=+10.00, k=20

  Best K-CAST: k=20, alpha=-5.00, val_comb=60.8700
[K-CAST] Applied: layer=11, α=-5.00, k=20
[Predict] Running inference on 192 examples …
[Predict] 192 predictions saved to /ssd_scratch/shubhamcvit/inlp/project/src/subtask3/outputs/predictions_kcast.json
          valid=21, invalid=171

============================================================
  Evaluation Report — Subtask 1
============================================================
  Overall Accuracy    : 56.7708%
  Total Content Effect: 42.7500
  Combined Score (↑)  : 11.8805  ← ranking metric
------------------------------------------------------------
  Subgroup Accuracies:
    Valid   + Plausible   (PV): 22.92%
    Valid   + Implausible (IV): 12.50%
    Invalid + Plausible   (PI): 93.48%
    Invalid + Implausible (II): 98.00%
------------------------------------------------------------
  CE Intra (|PV-IV| + |PI-II|)/2 : 7.4692
  CE Inter (|PV-PI| + |IV-II|)/2 : 78.0308
------------------------------------------------------------
  N predicted: 192  |  N missing: 0
============================================================
  Content Effect Legend:
    PV = Plausible+Valid  IV = Implausible+Valid
    PI = Plausible+Invalid  II = Implausible+Invalid
============================================================

[Evaluate] Metrics saved to /ssd_scratch/shubhamcvit/inlp/project/src/subtask3/outputs/eval_results_kcast.json

[Analysis] Prediction distribution:
  Valid:      21  (10.9%)
  Invalid:   171  (89.1%)
  Accuracy vs ground truth: 56.77%  (109/192)

======================================================================
  FINAL: Baseline vs Fine-Tuned vs CAA vs K-CAST
======================================================================
  Metric                     Baseline   Fine-Tuned          CAA       K-CAST
  ----------------------------------------------------------------------
  Accuracy                     50.00%       57.29%       56.77%       56.77%
  TCE                         50.0000      41.7083      42.7500      42.7500
  Combined                    10.1382      12.0503      11.8805      11.8805
======================================================================

  >>> WINNER: Fine-Tuned (combined=12.0503)
  Final predictions saved to: /ssd_scratch/shubhamcvit/inlp/project/src/subtask3/outputs/predictions.json

[Done] Subtask3 testing complete!
